android/app/build/intermediates/manifest_merge_blame_file/release/manifest-merger-blame-release-report.txt
1<?xml version="1.0" encoding="utf-8"?>
2<!--
3 Copyright 2015 The Go Authors. All rights reserved.
4     Use of this source code is governed by a BSD-style
5     license that can be found in the LICENSE file.
6-->
7<manifest xmlns:android="http://schemas.android.com/apk/res/android"
8    package="org.golang.example.android"
9    android:versionCode="1"
10    android:versionName="1.0" >
11
12    <uses-sdk
13        android:minSdkVersion="21"
13-->src/main/AndroidManifest.xml
14        android:targetSdkVersion="33" />
14-->src/main/AndroidManifest.xml
15
16    <application
16-->src/main/AndroidManifest.xml:8:5-21:19
17        android:allowBackup="true"
17-->src/main/AndroidManifest.xml:9:9-35
18        android:label="GoBindExample" >
18-->src/main/AndroidManifest.xml:10:9-38
19        <activity
19-->src/main/AndroidManifest.xml:11:9-20:20
20            android:name="org.golang.example.bind.MainActivity"
20-->src/main/AndroidManifest.xml:12:13-41
21            android:exported="true"
21-->src/main/AndroidManifest.xml:14:13-36
22            android:label="GoBindExample" >
22-->src/main/AndroidManifest.xml:13:13-42
23            <intent-filter>
23-->src/main/AndroidManifest.xml:15:13-19:29
24                <action android:name="android.intent.action.MAIN" />
24-->src/main/AndroidManifest.xml:16:17-69
24-->src/main/AndroidManifest.xml:16:25-66
25
26                <category android:name="android.intent.category.LAUNCHER" />
26-->src/main/AndroidManifest.xml:18:17-77
26-->src/main/AndroidManifest.xml:18:27-74
27            </intent-filter>
28        </activity>
29    </application>
30
31</manifest>